<?xml version="1.0" encoding="UTF-8"?>
<testsuite xmlns:xsi="http://www.w3.org/2001/XMLSchema-instance" xsi:noNamespaceSchemaLocation="https://maven.apache.org/surefire/maven-surefire-plugin/xsd/surefire-test-report.xsd" version="3.0.2" name="com.gildedrose.GildedRoseTest" time="0.062" tests="12" errors="0" skipped="0" failures="0" flakes="0">
  <properties>
[...]
</properties>
  <testcase name="backstagePasses_increasesByTwo_when10DaysOrLess" classname="com.gildedrose.GildedRoseTest" time="0.022"/>
  <testcase name="sulfuras_neverChanges_evenAfterSellIn" classname="com.gildedrose.GildedRoseTest" time="0.002"/>
  <testcase name="backstagePasses_increasesInQuality" classname="com.gildedrose.GildedRoseTest" time="0.002"/>
  <testcase name="agedBrie_increasesInQualityTwiceAsFast_afterSellIn" classname="com.gildedrose.GildedRoseTest" time="0.001"/>
  <testcase name="sulfuras_neverChanges" classname="com.gildedrose.GildedRoseTest" time="0.001"/>
  <testcase name="backstagePasses_dropsToZero_afterConcert" classname="com.gildedrose.GildedRoseTest" time="0.001"/>
  <testcase name="backstagePasses_increasesByThree_when5DaysOrLess" classname="com.gildedrose.GildedRoseTest" time="0.001"/>
  <testcase name="standardItem_decreasesQualityAndSellIn" classname="com.gildedrose.GildedRoseTest" time="0.0"/>
  <testcase name="quality_isNeverNegative" classname="com.gildedrose.GildedRoseTest" time="0.0"/>
  <testcase name="standardItem_decreasesQualityTwiceAsFast_afterSellIn" classname="com.gildedrose.GildedRoseTest" time="0.0"/>
  <testcase name="quality_isNeverMoreThan50" classname="com.gildedrose.GildedRoseTest" time="0.001"/>
  <testcase name="agedBrie_increasesInQuality" classname="com.gildedrose.GildedRoseTest" time="0.001"/>
</testsuite>